2020-05-04 22:05:51,732 INFO  [Log] application opened 
2020-05-04 22:05:57,145 INFO  [Log] login completed 
2020-05-04 22:06:08,721 INFO  [Log] employee added 
2020-05-04 22:06:08,741 INFO  [Log] application opened 
2020-05-04 22:06:08,925 INFO  [Log] logout completed 
2020-05-04 22:06:09,737 INFO  [Log] application closed 
2020-05-04 22:22:32,241 INFO  [Log] application opened 
2020-05-04 22:22:37,528 INFO  [Log] login completed 
2020-05-04 22:22:48,726 INFO  [Log] employee added 
2020-05-04 22:22:48,746 INFO  [Log] application opened 
2020-05-04 22:22:48,934 INFO  [Log] logout completed 
2020-05-04 22:22:49,708 INFO  [Log] application closed 
2020-05-04 22:40:09,322 INFO  [Log] application opened 
2020-05-04 22:40:14,149 INFO  [Log] login completed 
2020-05-04 22:40:25,320 INFO  [Log] employee added 
2020-05-04 22:40:25,341 INFO  [Log] application opened 
2020-05-04 22:40:25,518 INFO  [Log] logout completed 
2020-05-04 22:40:26,260 INFO  [Log] application closed 
2020-05-04 22:40:29,992 INFO  [Log] application opened 
2020-05-04 22:40:34,749 INFO  [Log] login completed 
2020-05-04 22:40:45,696 INFO  [Log] employee added 
2020-05-04 22:40:45,717 INFO  [Log] application opened 
2020-05-04 22:40:45,884 INFO  [Log] logout completed 
2020-05-04 22:40:46,624 INFO  [Log] application closed 
